{"/Users/reececallumkirkham/Desktop/LaFosse/Beyster/week-7/final-project/sir-final-project/Incident Reporting/server/controllers/comment.js": {"path":"/Users/reececallumkirkham/Desktop/LaFosse/Beyster/week-7/final-project/sir-final-project/Incident Reporting/server/controllers/comment.js","statementMap":{"0":{"start":{"line":1,"column":16},"end":{"line":1,"column":45}},"1":{"start":{"line":4,"column":4},"end":{"line":9,"column":5}},"2":{"start":{"line":5,"column":25},"end":{"line":5,"column":47}},"3":{"start":{"line":6,"column":8},"end":{"line":6,"column":38}},"4":{"start":{"line":8,"column":8},"end":{"line":8,"column":50}},"5":{"start":{"line":14,"column":4},"end":{"line":20,"column":5}},"6":{"start":{"line":15,"column":17},"end":{"line":15,"column":40}},"7":{"start":{"line":16,"column":24},"end":{"line":16,"column":52}},"8":{"start":{"line":17,"column":8},"end":{"line":17,"column":37}},"9":{"start":{"line":19,"column":8},"end":{"line":19,"column":50}},"10":{"start":{"line":24,"column":4},"end":{"line":30,"column":5}},"11":{"start":{"line":25,"column":21},"end":{"line":25,"column":29}},"12":{"start":{"line":26,"column":27},"end":{"line":26,"column":53}},"13":{"start":{"line":27,"column":8},"end":{"line":27,"column":40}},"14":{"start":{"line":29,"column":8},"end":{"line":29,"column":50}},"15":{"start":{"line":34,"column":4},"end":{"line":42,"column":5}},"16":{"start":{"line":35,"column":19},"end":{"line":35,"column":42}},"17":{"start":{"line":36,"column":21},"end":{"line":36,"column":29}},"18":{"start":{"line":37,"column":24},"end":{"line":37,"column":52}},"19":{"start":{"line":38,"column":23},"end":{"line":38,"column":49}},"20":{"start":{"line":39,"column":8},"end":{"line":39,"column":36}},"21":{"start":{"line":41,"column":8},"end":{"line":41,"column":52}},"22":{"start":{"line":46,"column":4},"end":{"line":53,"column":5}},"23":{"start":{"line":47,"column":19},"end":{"line":47,"column":42}},"24":{"start":{"line":48,"column":24},"end":{"line":48,"column":52}},"25":{"start":{"line":49,"column":8},"end":{"line":49,"column":31}},"26":{"start":{"line":50,"column":8},"end":{"line":50,"column":29}},"27":{"start":{"line":52,"column":8},"end":{"line":52,"column":52}},"28":{"start":{"line":56,"column":0},"end":{"line":62,"column":1}}},"fnMap":{"0":{"name":"index","decl":{"start":{"line":3,"column":15},"end":{"line":3,"column":20}},"loc":{"start":{"line":3,"column":31},"end":{"line":10,"column":1}},"line":3},"1":{"name":"showId","decl":{"start":{"line":13,"column":15},"end":{"line":13,"column":21}},"loc":{"start":{"line":13,"column":32},"end":{"line":21,"column":1}},"line":13},"2":{"name":"create","decl":{"start":{"line":23,"column":15},"end":{"line":23,"column":21}},"loc":{"start":{"line":23,"column":32},"end":{"line":31,"column":1}},"line":23},"3":{"name":"update","decl":{"start":{"line":33,"column":15},"end":{"line":33,"column":21}},"loc":{"start":{"line":33,"column":32},"end":{"line":43,"column":1}},"line":33},"4":{"name":"destroy","decl":{"start":{"line":45,"column":15},"end":{"line":45,"column":22}},"loc":{"start":{"line":45,"column":33},"end":{"line":54,"column":1}},"line":45}},"branchMap":{},"s":{"0":1,"1":2,"2":2,"3":1,"4":1,"5":2,"6":2,"7":2,"8":1,"9":1,"10":2,"11":2,"12":2,"13":1,"14":1,"15":2,"16":2,"17":2,"18":2,"19":1,"20":1,"21":1,"22":2,"23":2,"24":2,"25":1,"26":1,"27":1,"28":1},"f":{"0":2,"1":2,"2":2,"3":2,"4":2},"b":{},"_coverageSchema":"1a1c01bbd47fc00a2c39e90264f33305004495a9","hash":"8087bc088847f772a4ba9a675821ed6a6799c928"}
,"/Users/reececallumkirkham/Desktop/LaFosse/Beyster/week-7/final-project/sir-final-project/Incident Reporting/server/controllers/departments.js": {"path":"/Users/reececallumkirkham/Desktop/LaFosse/Beyster/week-7/final-project/sir-final-project/Incident Reporting/server/controllers/departments.js","statementMap":{"0":{"start":{"line":1,"column":19},"end":{"line":1,"column":50}},"1":{"start":{"line":4,"column":4},"end":{"line":10,"column":5}},"2":{"start":{"line":5,"column":21},"end":{"line":5,"column":29}},"3":{"start":{"line":6,"column":25},"end":{"line":6,"column":61}},"4":{"start":{"line":7,"column":8},"end":{"line":7,"column":38}},"5":{"start":{"line":9,"column":8},"end":{"line":9,"column":50}},"6":{"start":{"line":15,"column":4},"end":{"line":22,"column":5}},"7":{"start":{"line":16,"column":21},"end":{"line":16,"column":29}},"8":{"start":{"line":17,"column":25},"end":{"line":17,"column":72}},"9":{"start":{"line":18,"column":8},"end":{"line":18,"column":38}},"10":{"start":{"line":21,"column":8},"end":{"line":21,"column":50}},"11":{"start":{"line":28,"column":4},"end":{"line":35,"column":5}},"12":{"start":{"line":29,"column":21},"end":{"line":29,"column":29}},"13":{"start":{"line":30,"column":25},"end":{"line":30,"column":57}},"14":{"start":{"line":31,"column":8},"end":{"line":31,"column":38}},"15":{"start":{"line":34,"column":8},"end":{"line":34,"column":50}},"16":{"start":{"line":40,"column":4},"end":{"line":47,"column":5}},"17":{"start":{"line":41,"column":21},"end":{"line":41,"column":29}},"18":{"start":{"line":42,"column":25},"end":{"line":42,"column":72}},"19":{"start":{"line":43,"column":23},"end":{"line":43,"column":50}},"20":{"start":{"line":44,"column":8},"end":{"line":44,"column":36}},"21":{"start":{"line":46,"column":8},"end":{"line":46,"column":48}},"22":{"start":{"line":51,"column":5},"end":{"line":58,"column":5}},"23":{"start":{"line":52,"column":21},"end":{"line":52,"column":29}},"24":{"start":{"line":53,"column":25},"end":{"line":53,"column":72}},"25":{"start":{"line":54,"column":23},"end":{"line":54,"column":40}},"26":{"start":{"line":55,"column":8},"end":{"line":55,"column":29}},"27":{"start":{"line":57,"column":8},"end":{"line":57,"column":50}},"28":{"start":{"line":65,"column":0},"end":{"line":65,"column":66}}},"fnMap":{"0":{"name":"index","decl":{"start":{"line":3,"column":15},"end":{"line":3,"column":20}},"loc":{"start":{"line":3,"column":30},"end":{"line":11,"column":1}},"line":3},"1":{"name":"show","decl":{"start":{"line":14,"column":15},"end":{"line":14,"column":19}},"loc":{"start":{"line":14,"column":29},"end":{"line":23,"column":1}},"line":14},"2":{"name":"createDep","decl":{"start":{"line":27,"column":15},"end":{"line":27,"column":24}},"loc":{"start":{"line":27,"column":34},"end":{"line":36,"column":1}},"line":27},"3":{"name":"updateDep","decl":{"start":{"line":39,"column":15},"end":{"line":39,"column":24}},"loc":{"start":{"line":39,"column":34},"end":{"line":48,"column":1}},"line":39},"4":{"name":"destroyDep","decl":{"start":{"line":50,"column":15},"end":{"line":50,"column":25}},"loc":{"start":{"line":50,"column":35},"end":{"line":59,"column":1}},"line":50}},"branchMap":{},"s":{"0":1,"1":2,"2":2,"3":2,"4":1,"5":1,"6":2,"7":2,"8":2,"9":1,"10":1,"11":2,"12":2,"13":2,"14":1,"15":1,"16":2,"17":2,"18":2,"19":1,"20":1,"21":1,"22":2,"23":2,"24":2,"25":1,"26":1,"27":1,"28":1},"f":{"0":2,"1":2,"2":2,"3":2,"4":2},"b":{},"_coverageSchema":"1a1c01bbd47fc00a2c39e90264f33305004495a9","hash":"6434ca037a3e2b2b07a657ed2bb5392b20955dfd"}
,"/Users/reececallumkirkham/Desktop/LaFosse/Beyster/week-7/final-project/sir-final-project/Incident Reporting/server/controllers/organisations.js": {"path":"/Users/reececallumkirkham/Desktop/LaFosse/Beyster/week-7/final-project/sir-final-project/Incident Reporting/server/controllers/organisations.js","statementMap":{"0":{"start":{"line":1,"column":21},"end":{"line":1,"column":54}},"1":{"start":{"line":2,"column":15},"end":{"line":2,"column":34}},"2":{"start":{"line":6,"column":4},"end":{"line":13,"column":5}},"3":{"start":{"line":7,"column":21},"end":{"line":7,"column":29}},"4":{"start":{"line":8,"column":25},"end":{"line":8,"column":67}},"5":{"start":{"line":9,"column":8},"end":{"line":9,"column":38}},"6":{"start":{"line":12,"column":8},"end":{"line":12,"column":48}},"7":{"start":{"line":17,"column":4},"end":{"line":23,"column":5}},"8":{"start":{"line":18,"column":21},"end":{"line":18,"column":29}},"9":{"start":{"line":19,"column":25},"end":{"line":19,"column":55}},"10":{"start":{"line":20,"column":8},"end":{"line":20,"column":38}},"11":{"start":{"line":22,"column":8},"end":{"line":22,"column":50}},"12":{"start":{"line":27,"column":4},"end":{"line":35,"column":5}},"13":{"start":{"line":28,"column":21},"end":{"line":28,"column":29}},"14":{"start":{"line":29,"column":27},"end":{"line":29,"column":67}},"15":{"start":{"line":30,"column":8},"end":{"line":30,"column":39}},"16":{"start":{"line":31,"column":23},"end":{"line":31,"column":57}},"17":{"start":{"line":32,"column":8},"end":{"line":32,"column":36}},"18":{"start":{"line":34,"column":8},"end":{"line":34,"column":52}},"19":{"start":{"line":40,"column":4},"end":{"line":48,"column":5}},"20":{"start":{"line":42,"column":21},"end":{"line":42,"column":29}},"21":{"start":{"line":43,"column":25},"end":{"line":43,"column":67}},"22":{"start":{"line":44,"column":23},"end":{"line":44,"column":57}},"23":{"start":{"line":45,"column":8},"end":{"line":45,"column":36}},"24":{"start":{"line":47,"column":8},"end":{"line":47,"column":50}},"25":{"start":{"line":54,"column":4},"end":{"line":62,"column":5}},"26":{"start":{"line":55,"column":21},"end":{"line":55,"column":29}},"27":{"start":{"line":56,"column":25},"end":{"line":56,"column":67}},"28":{"start":{"line":57,"column":23},"end":{"line":57,"column":52}},"29":{"start":{"line":58,"column":8},"end":{"line":58,"column":29}},"30":{"start":{"line":61,"column":8},"end":{"line":61,"column":50}},"31":{"start":{"line":67,"column":0},"end":{"line":67,"column":72}}},"fnMap":{"0":{"name":"showOrg","decl":{"start":{"line":5,"column":15},"end":{"line":5,"column":22}},"loc":{"start":{"line":5,"column":32},"end":{"line":14,"column":1}},"line":5},"1":{"name":"loginOrg","decl":{"start":{"line":16,"column":15},"end":{"line":16,"column":23}},"loc":{"start":{"line":16,"column":33},"end":{"line":24,"column":1}},"line":16},"2":{"name":"createOrg","decl":{"start":{"line":26,"column":15},"end":{"line":26,"column":24}},"loc":{"start":{"line":26,"column":34},"end":{"line":36,"column":1}},"line":26},"3":{"name":"updateOrg","decl":{"start":{"line":39,"column":15},"end":{"line":39,"column":24}},"loc":{"start":{"line":39,"column":34},"end":{"line":50,"column":1}},"line":39},"4":{"name":"destroyOrg","decl":{"start":{"line":53,"column":15},"end":{"line":53,"column":25}},"loc":{"start":{"line":53,"column":35},"end":{"line":63,"column":1}},"line":53}},"branchMap":{},"s":{"0":1,"1":1,"2":2,"3":2,"4":2,"5":1,"6":1,"7":0,"8":0,"9":0,"10":0,"11":0,"12":2,"13":2,"14":2,"15":2,"16":2,"17":1,"18":1,"19":2,"20":2,"21":2,"22":1,"23":1,"24":1,"25":2,"26":2,"27":2,"28":1,"29":1,"30":1,"31":1},"f":{"0":2,"1":0,"2":2,"3":2,"4":2},"b":{},"_coverageSchema":"1a1c01bbd47fc00a2c39e90264f33305004495a9","hash":"2876296497cfda2cc3667874e5eedae723c8bdbc"}
,"/Users/reececallumkirkham/Desktop/LaFosse/Beyster/week-7/final-project/sir-final-project/Incident Reporting/server/controllers/ticket.js": {"path":"/Users/reececallumkirkham/Desktop/LaFosse/Beyster/week-7/final-project/sir-final-project/Incident Reporting/server/controllers/ticket.js","statementMap":{"0":{"start":{"line":1,"column":15},"end":{"line":1,"column":43}},"1":{"start":{"line":4,"column":4},"end":{"line":9,"column":5}},"2":{"start":{"line":5,"column":24},"end":{"line":5,"column":45}},"3":{"start":{"line":6,"column":8},"end":{"line":6,"column":37}},"4":{"start":{"line":8,"column":8},"end":{"line":8,"column":50}},"5":{"start":{"line":13,"column":4},"end":{"line":19,"column":5}},"6":{"start":{"line":14,"column":17},"end":{"line":14,"column":40}},"7":{"start":{"line":15,"column":23},"end":{"line":15,"column":50}},"8":{"start":{"line":16,"column":8},"end":{"line":16,"column":36}},"9":{"start":{"line":18,"column":8},"end":{"line":18,"column":50}},"10":{"start":{"line":23,"column":4},"end":{"line":29,"column":5}},"11":{"start":{"line":24,"column":21},"end":{"line":24,"column":29}},"12":{"start":{"line":25,"column":26},"end":{"line":25,"column":51}},"13":{"start":{"line":26,"column":8},"end":{"line":26,"column":39}},"14":{"start":{"line":28,"column":8},"end":{"line":28,"column":50}},"15":{"start":{"line":33,"column":4},"end":{"line":41,"column":5}},"16":{"start":{"line":34,"column":19},"end":{"line":34,"column":42}},"17":{"start":{"line":35,"column":21},"end":{"line":35,"column":29}},"18":{"start":{"line":36,"column":23},"end":{"line":36,"column":50}},"19":{"start":{"line":37,"column":23},"end":{"line":37,"column":48}},"20":{"start":{"line":38,"column":8},"end":{"line":38,"column":36}},"21":{"start":{"line":40,"column":8},"end":{"line":40,"column":52}},"22":{"start":{"line":45,"column":4},"end":{"line":52,"column":5}},"23":{"start":{"line":46,"column":19},"end":{"line":46,"column":42}},"24":{"start":{"line":47,"column":23},"end":{"line":47,"column":50}},"25":{"start":{"line":48,"column":8},"end":{"line":48,"column":30}},"26":{"start":{"line":49,"column":8},"end":{"line":49,"column":29}},"27":{"start":{"line":51,"column":8},"end":{"line":51,"column":52}},"28":{"start":{"line":55,"column":0},"end":{"line":61,"column":1}}},"fnMap":{"0":{"name":"index","decl":{"start":{"line":3,"column":15},"end":{"line":3,"column":20}},"loc":{"start":{"line":3,"column":31},"end":{"line":10,"column":1}},"line":3},"1":{"name":"showId","decl":{"start":{"line":12,"column":15},"end":{"line":12,"column":21}},"loc":{"start":{"line":12,"column":32},"end":{"line":20,"column":1}},"line":12},"2":{"name":"create","decl":{"start":{"line":22,"column":15},"end":{"line":22,"column":21}},"loc":{"start":{"line":22,"column":32},"end":{"line":30,"column":1}},"line":22},"3":{"name":"update","decl":{"start":{"line":32,"column":15},"end":{"line":32,"column":21}},"loc":{"start":{"line":32,"column":32},"end":{"line":42,"column":1}},"line":32},"4":{"name":"destroy","decl":{"start":{"line":44,"column":15},"end":{"line":44,"column":22}},"loc":{"start":{"line":44,"column":33},"end":{"line":53,"column":1}},"line":44}},"branchMap":{},"s":{"0":1,"1":2,"2":2,"3":1,"4":1,"5":2,"6":2,"7":2,"8":1,"9":1,"10":2,"11":2,"12":2,"13":1,"14":1,"15":2,"16":2,"17":2,"18":2,"19":1,"20":1,"21":1,"22":2,"23":2,"24":2,"25":1,"26":1,"27":1,"28":1},"f":{"0":2,"1":2,"2":2,"3":2,"4":2},"b":{},"_coverageSchema":"1a1c01bbd47fc00a2c39e90264f33305004495a9","hash":"c478d17f90526315ec9051873561663a4181b160"}
,"/Users/reececallumkirkham/Desktop/LaFosse/Beyster/week-7/final-project/sir-final-project/Incident Reporting/server/controllers/users.js": {"path":"/Users/reececallumkirkham/Desktop/LaFosse/Beyster/week-7/final-project/sir-final-project/Incident Reporting/server/controllers/users.js","statementMap":{"0":{"start":{"line":1,"column":13},"end":{"line":1,"column":38}},"1":{"start":{"line":2,"column":15},"end":{"line":2,"column":34}},"2":{"start":{"line":6,"column":2},"end":{"line":11,"column":3}},"3":{"start":{"line":7,"column":18},"end":{"line":7,"column":37}},"4":{"start":{"line":8,"column":4},"end":{"line":8,"column":32}},"5":{"start":{"line":10,"column":4},"end":{"line":10,"column":49}},"6":{"start":{"line":15,"column":4},"end":{"line":22,"column":5}},"7":{"start":{"line":16,"column":21},"end":{"line":16,"column":31}},"8":{"start":{"line":17,"column":21},"end":{"line":17,"column":60}},"9":{"start":{"line":18,"column":8},"end":{"line":18,"column":35}},"10":{"start":{"line":21,"column":8},"end":{"line":21,"column":54}},"11":{"start":{"line":26,"column":2},"end":{"line":34,"column":3}},"12":{"start":{"line":27,"column":17},"end":{"line":27,"column":25}},"13":{"start":{"line":28,"column":17},"end":{"line":28,"column":79}},"14":{"start":{"line":29,"column":4},"end":{"line":29,"column":72}},"15":{"start":{"line":30,"column":20},"end":{"line":30,"column":43}},"16":{"start":{"line":31,"column":4},"end":{"line":31,"column":34}},"17":{"start":{"line":33,"column":4},"end":{"line":33,"column":49}},"18":{"start":{"line":38,"column":2},"end":{"line":56,"column":3}},"19":{"start":{"line":39,"column":16},"end":{"line":39,"column":30}},"20":{"start":{"line":40,"column":19},"end":{"line":40,"column":36}},"21":{"start":{"line":43,"column":19},"end":{"line":43,"column":56}},"22":{"start":{"line":46,"column":2},"end":{"line":48,"column":3}},"23":{"start":{"line":47,"column":4},"end":{"line":47,"column":61}},"24":{"start":{"line":49,"column":2},"end":{"line":51,"column":3}},"25":{"start":{"line":50,"column":4},"end":{"line":50,"column":48}},"26":{"start":{"line":53,"column":2},"end":{"line":53,"column":32}},"27":{"start":{"line":55,"column":4},"end":{"line":55,"column":48}},"28":{"start":{"line":61,"column":4},"end":{"line":68,"column":5}},"29":{"start":{"line":62,"column":21},"end":{"line":62,"column":29}},"30":{"start":{"line":63,"column":21},"end":{"line":63,"column":60}},"31":{"start":{"line":64,"column":23},"end":{"line":64,"column":46}},"32":{"start":{"line":65,"column":8},"end":{"line":65,"column":37}},"33":{"start":{"line":67,"column":8},"end":{"line":67,"column":50}},"34":{"start":{"line":72,"column":4},"end":{"line":79,"column":5}},"35":{"start":{"line":73,"column":21},"end":{"line":73,"column":29}},"36":{"start":{"line":74,"column":21},"end":{"line":74,"column":60}},"37":{"start":{"line":75,"column":23},"end":{"line":75,"column":47}},"38":{"start":{"line":76,"column":8},"end":{"line":76,"column":29}},"39":{"start":{"line":78,"column":8},"end":{"line":78,"column":52}},"40":{"start":{"line":82,"column":0},"end":{"line":89,"column":1}}},"fnMap":{"0":{"name":"index","decl":{"start":{"line":5,"column":15},"end":{"line":5,"column":20}},"loc":{"start":{"line":5,"column":31},"end":{"line":12,"column":1}},"line":5},"1":{"name":"show","decl":{"start":{"line":14,"column":15},"end":{"line":14,"column":19}},"loc":{"start":{"line":14,"column":30},"end":{"line":23,"column":1}},"line":14},"2":{"name":"create","decl":{"start":{"line":25,"column":15},"end":{"line":25,"column":21}},"loc":{"start":{"line":25,"column":32},"end":{"line":35,"column":1}},"line":25},"3":{"name":"login","decl":{"start":{"line":37,"column":15},"end":{"line":37,"column":20}},"loc":{"start":{"line":37,"column":31},"end":{"line":57,"column":1}},"line":37},"4":{"name":"update","decl":{"start":{"line":60,"column":15},"end":{"line":60,"column":21}},"loc":{"start":{"line":60,"column":33},"end":{"line":69,"column":1}},"line":60},"5":{"name":"destroy","decl":{"start":{"line":71,"column":15},"end":{"line":71,"column":22}},"loc":{"start":{"line":71,"column":34},"end":{"line":80,"column":1}},"line":71}},"branchMap":{"0":{"loc":{"start":{"line":46,"column":2},"end":{"line":48,"column":3}},"type":"if","locations":[{"start":{"line":46,"column":2},"end":{"line":48,"column":3}},{"start":{},"end":{}}],"line":46},"1":{"loc":{"start":{"line":49,"column":2},"end":{"line":51,"column":3}},"type":"if","locations":[{"start":{"line":49,"column":2},"end":{"line":51,"column":3}},{"start":{},"end":{}}],"line":49}},"s":{"0":1,"1":1,"2":2,"3":2,"4":1,"5":1,"6":2,"7":2,"8":2,"9":1,"10":1,"11":2,"12":2,"13":2,"14":2,"15":2,"16":1,"17":1,"18":0,"19":0,"20":0,"21":0,"22":0,"23":0,"24":0,"25":0,"26":0,"27":0,"28":2,"29":2,"30":2,"31":1,"32":1,"33":1,"34":2,"35":2,"36":2,"37":1,"38":1,"39":1,"40":1},"f":{"0":2,"1":2,"2":2,"3":0,"4":2,"5":2},"b":{"0":[0,0],"1":[0,0]},"_coverageSchema":"1a1c01bbd47fc00a2c39e90264f33305004495a9","hash":"d4e581bb2a02daa6ea2753cfa31ff7682b400ebe"}
,"/Users/reececallumkirkham/Desktop/LaFosse/Beyster/week-7/final-project/sir-final-project/Incident Reporting/server/db/connect.js": {"path":"/Users/reececallumkirkham/Desktop/LaFosse/Beyster/week-7/final-project/sir-final-project/Incident Reporting/server/db/connect.js","statementMap":{"0":{"start":{"line":2,"column":17},"end":{"line":2,"column":30}},"1":{"start":{"line":4,"column":11},"end":{"line":6,"column":2}},"2":{"start":{"line":17,"column":0},"end":{"line":17,"column":42}},"3":{"start":{"line":19,"column":0},"end":{"line":19,"column":20}}},"fnMap":{},"branchMap":{},"s":{"0":10,"1":10,"2":10,"3":10},"f":{},"b":{},"_coverageSchema":"1a1c01bbd47fc00a2c39e90264f33305004495a9","hash":"dad8a6d160e4d1c09cc5ae89c30f535e467c1a8a"}
,"/Users/reececallumkirkham/Desktop/LaFosse/Beyster/week-7/final-project/sir-final-project/Incident Reporting/server/models/Comments.js": {"path":"/Users/reececallumkirkham/Desktop/LaFosse/Beyster/week-7/final-project/sir-final-project/Incident Reporting/server/models/Comments.js","statementMap":{"0":{"start":{"line":1,"column":11},"end":{"line":1,"column":35}},"1":{"start":{"line":5,"column":8},"end":{"line":5,"column":34}},"2":{"start":{"line":6,"column":8},"end":{"line":6,"column":32}},"3":{"start":{"line":7,"column":8},"end":{"line":7,"column":28}},"4":{"start":{"line":8,"column":8},"end":{"line":8,"column":22}},"5":{"start":{"line":12,"column":25},"end":{"line":12,"column":66}},"6":{"start":{"line":13,"column":8},"end":{"line":15,"column":9}},"7":{"start":{"line":14,"column":12},"end":{"line":14,"column":48}},"8":{"start":{"line":16,"column":8},"end":{"line":16,"column":65}},"9":{"start":{"line":16,"column":44},"end":{"line":16,"column":64}},"10":{"start":{"line":20,"column":25},"end":{"line":20,"column":99}},"11":{"start":{"line":21,"column":8},"end":{"line":23,"column":9}},"12":{"start":{"line":22,"column":12},"end":{"line":22,"column":51}},"13":{"start":{"line":24,"column":8},"end":{"line":24,"column":44}},"14":{"start":{"line":28,"column":43},"end":{"line":28,"column":47}},"15":{"start":{"line":30,"column":29},"end":{"line":30,"column":106}},"16":{"start":{"line":31,"column":8},"end":{"line":33,"column":9}},"17":{"start":{"line":32,"column":12},"end":{"line":32,"column":61}},"18":{"start":{"line":35,"column":31},"end":{"line":35,"column":113}},"19":{"start":{"line":36,"column":8},"end":{"line":38,"column":9}},"20":{"start":{"line":37,"column":12},"end":{"line":37,"column":63}},"21":{"start":{"line":40,"column":25},"end":{"line":40,"column":151}},"22":{"start":{"line":41,"column":12},"end":{"line":41,"column":48}},"23":{"start":{"line":45,"column":81},"end":{"line":45,"column":85}},"24":{"start":{"line":46,"column":25},"end":{"line":46,"column":182}},"25":{"start":{"line":47,"column":8},"end":{"line":47,"column":30}},"26":{"start":{"line":48,"column":8},"end":{"line":50,"column":9}},"27":{"start":{"line":49,"column":12},"end":{"line":49,"column":51}},"28":{"start":{"line":51,"column":8},"end":{"line":51,"column":44}},"29":{"start":{"line":55,"column":8},"end":{"line":59,"column":9}},"30":{"start":{"line":56,"column":29},"end":{"line":56,"column":109}},"31":{"start":{"line":58,"column":12},"end":{"line":58,"column":48}},"32":{"start":{"line":63,"column":0},"end":{"line":63,"column":24}}},"fnMap":{"0":{"name":"(anonymous_0)","decl":{"start":{"line":4,"column":4},"end":{"line":4,"column":5}},"loc":{"start":{"line":4,"column":55},"end":{"line":9,"column":5}},"line":4},"1":{"name":"(anonymous_1)","decl":{"start":{"line":11,"column":4},"end":{"line":11,"column":5}},"loc":{"start":{"line":11,"column":25},"end":{"line":17,"column":5}},"line":11},"2":{"name":"(anonymous_2)","decl":{"start":{"line":16,"column":33},"end":{"line":16,"column":34}},"loc":{"start":{"line":16,"column":44},"end":{"line":16,"column":64}},"line":16},"3":{"name":"(anonymous_3)","decl":{"start":{"line":19,"column":4},"end":{"line":19,"column":5}},"loc":{"start":{"line":19,"column":37},"end":{"line":25,"column":5}},"line":19},"4":{"name":"(anonymous_4)","decl":{"start":{"line":27,"column":4},"end":{"line":27,"column":5}},"loc":{"start":{"line":27,"column":29},"end":{"line":42,"column":5}},"line":27},"5":{"name":"(anonymous_5)","decl":{"start":{"line":44,"column":4},"end":{"line":44,"column":5}},"loc":{"start":{"line":44,"column":22},"end":{"line":52,"column":5}},"line":44},"6":{"name":"(anonymous_6)","decl":{"start":{"line":54,"column":4},"end":{"line":54,"column":5}},"loc":{"start":{"line":54,"column":19},"end":{"line":60,"column":5}},"line":54}},"branchMap":{"0":{"loc":{"start":{"line":13,"column":8},"end":{"line":15,"column":9}},"type":"if","locations":[{"start":{"line":13,"column":8},"end":{"line":15,"column":9}},{"start":{},"end":{}}],"line":13},"1":{"loc":{"start":{"line":21,"column":8},"end":{"line":23,"column":9}},"type":"if","locations":[{"start":{"line":21,"column":8},"end":{"line":23,"column":9}},{"start":{},"end":{}}],"line":21},"2":{"loc":{"start":{"line":31,"column":8},"end":{"line":33,"column":9}},"type":"if","locations":[{"start":{"line":31,"column":8},"end":{"line":33,"column":9}},{"start":{},"end":{}}],"line":31},"3":{"loc":{"start":{"line":36,"column":8},"end":{"line":38,"column":9}},"type":"if","locations":[{"start":{"line":36,"column":8},"end":{"line":38,"column":9}},{"start":{},"end":{}}],"line":36},"4":{"loc":{"start":{"line":45,"column":15},"end":{"line":45,"column":39}},"type":"default-arg","locations":[{"start":{"line":45,"column":25},"end":{"line":45,"column":39}}],"line":45},"5":{"loc":{"start":{"line":45,"column":41},"end":{"line":45,"column":61}},"type":"default-arg","locations":[{"start":{"line":45,"column":49},"end":{"line":45,"column":61}}],"line":45},"6":{"loc":{"start":{"line":45,"column":63},"end":{"line":45,"column":77}},"type":"default-arg","locations":[{"start":{"line":45,"column":68},"end":{"line":45,"column":77}}],"line":45},"7":{"loc":{"start":{"line":48,"column":8},"end":{"line":50,"column":9}},"type":"if","locations":[{"start":{"line":48,"column":8},"end":{"line":50,"column":9}},{"start":{},"end":{}}],"line":48}},"s":{"0":2,"1":9,"2":9,"3":9,"4":9,"5":2,"6":2,"7":1,"8":1,"9":2,"10":2,"11":2,"12":1,"13":1,"14":3,"15":3,"16":3,"17":1,"18":2,"19":2,"20":1,"21":1,"22":1,"23":2,"24":2,"25":2,"26":2,"27":1,"28":1,"29":2,"30":2,"31":1,"32":2},"f":{"0":9,"1":2,"2":2,"3":2,"4":3,"5":2,"6":2},"b":{"0":[1,1],"1":[1,1],"2":[1,2],"3":[1,1],"4":[2],"5":[2],"6":[0],"7":[1,1]},"_coverageSchema":"1a1c01bbd47fc00a2c39e90264f33305004495a9","hash":"d3fb3ee01fa91f8a1c123b718a04a6e60e1b244c"}
,"/Users/reececallumkirkham/Desktop/LaFosse/Beyster/week-7/final-project/sir-final-project/Incident Reporting/server/models/Department.js": {"path":"/Users/reececallumkirkham/Desktop/LaFosse/Beyster/week-7/final-project/sir-final-project/Incident Reporting/server/models/Department.js","statementMap":{"0":{"start":{"line":1,"column":11},"end":{"line":1,"column":35}},"1":{"start":{"line":5,"column":8},"end":{"line":5,"column":42}},"2":{"start":{"line":6,"column":8},"end":{"line":6,"column":24}},"3":{"start":{"line":7,"column":8},"end":{"line":7,"column":38}},"4":{"start":{"line":8,"column":8},"end":{"line":8,"column":28}},"5":{"start":{"line":14,"column":25},"end":{"line":14,"column":95}},"6":{"start":{"line":15,"column":8},"end":{"line":17,"column":9}},"7":{"start":{"line":16,"column":12},"end":{"line":16,"column":57}},"8":{"start":{"line":17,"column":9},"end":{"line":17,"column":77}},"9":{"start":{"line":17,"column":50},"end":{"line":17,"column":76}},"10":{"start":{"line":21,"column":25},"end":{"line":21,"column":109}},"11":{"start":{"line":22,"column":8},"end":{"line":24,"column":9}},"12":{"start":{"line":23,"column":12},"end":{"line":23,"column":88}},"13":{"start":{"line":24,"column":10},"end":{"line":24,"column":49}},"14":{"start":{"line":29,"column":25},"end":{"line":29,"column":169}},"15":{"start":{"line":30,"column":8},"end":{"line":32,"column":9}},"16":{"start":{"line":31,"column":12},"end":{"line":31,"column":59}},"17":{"start":{"line":32,"column":10},"end":{"line":32,"column":49}},"18":{"start":{"line":36,"column":8},"end":{"line":36,"column":25}},"19":{"start":{"line":37,"column":25},"end":{"line":37,"column":144}},"20":{"start":{"line":38,"column":8},"end":{"line":40,"column":9}},"21":{"start":{"line":39,"column":12},"end":{"line":39,"column":66}},"22":{"start":{"line":40,"column":9},"end":{"line":40,"column":48}},"23":{"start":{"line":45,"column":25},"end":{"line":45,"column":112}},"24":{"start":{"line":49,"column":0},"end":{"line":49,"column":27}}},"fnMap":{"0":{"name":"(anonymous_0)","decl":{"start":{"line":4,"column":4},"end":{"line":4,"column":5}},"loc":{"start":{"line":4,"column":60},"end":{"line":9,"column":5}},"line":4},"1":{"name":"(anonymous_1)","decl":{"start":{"line":13,"column":4},"end":{"line":13,"column":5}},"loc":{"start":{"line":13,"column":31},"end":{"line":18,"column":5}},"line":13},"2":{"name":"(anonymous_2)","decl":{"start":{"line":17,"column":34},"end":{"line":17,"column":35}},"loc":{"start":{"line":17,"column":50},"end":{"line":17,"column":76}},"line":17},"3":{"name":"(anonymous_3)","decl":{"start":{"line":20,"column":4},"end":{"line":20,"column":5}},"loc":{"start":{"line":20,"column":42},"end":{"line":25,"column":5}},"line":20},"4":{"name":"(anonymous_4)","decl":{"start":{"line":28,"column":4},"end":{"line":28,"column":5}},"loc":{"start":{"line":28,"column":32},"end":{"line":33,"column":5}},"line":28},"5":{"name":"(anonymous_5)","decl":{"start":{"line":35,"column":4},"end":{"line":35,"column":5}},"loc":{"start":{"line":35,"column":22},"end":{"line":41,"column":5}},"line":35},"6":{"name":"(anonymous_6)","decl":{"start":{"line":44,"column":4},"end":{"line":44,"column":5}},"loc":{"start":{"line":44,"column":18},"end":{"line":46,"column":5}},"line":44}},"branchMap":{"0":{"loc":{"start":{"line":15,"column":8},"end":{"line":17,"column":9}},"type":"if","locations":[{"start":{"line":15,"column":8},"end":{"line":17,"column":9}},{"start":{},"end":{}}],"line":15},"1":{"loc":{"start":{"line":22,"column":8},"end":{"line":24,"column":9}},"type":"if","locations":[{"start":{"line":22,"column":8},"end":{"line":24,"column":9}},{"start":{},"end":{}}],"line":22},"2":{"loc":{"start":{"line":30,"column":8},"end":{"line":32,"column":9}},"type":"if","locations":[{"start":{"line":30,"column":8},"end":{"line":32,"column":9}},{"start":{},"end":{}}],"line":30},"3":{"loc":{"start":{"line":38,"column":8},"end":{"line":40,"column":9}},"type":"if","locations":[{"start":{"line":38,"column":8},"end":{"line":40,"column":9}},{"start":{},"end":{}}],"line":38}},"s":{"0":2,"1":8,"2":8,"3":8,"4":8,"5":2,"6":2,"7":1,"8":1,"9":2,"10":2,"11":2,"12":1,"13":1,"14":2,"15":2,"16":1,"17":1,"18":2,"19":2,"20":2,"21":1,"22":1,"23":1,"24":2},"f":{"0":8,"1":2,"2":2,"3":2,"4":2,"5":2,"6":1},"b":{"0":[1,1],"1":[1,1],"2":[1,1],"3":[1,1]},"_coverageSchema":"1a1c01bbd47fc00a2c39e90264f33305004495a9","hash":"c0cff0a381781b98113349b055ca38dd1fade23f"}
,"/Users/reececallumkirkham/Desktop/LaFosse/Beyster/week-7/final-project/sir-final-project/Incident Reporting/server/models/Organisation.js": {"path":"/Users/reececallumkirkham/Desktop/LaFosse/Beyster/week-7/final-project/sir-final-project/Incident Reporting/server/models/Organisation.js","statementMap":{"0":{"start":{"line":1,"column":11},"end":{"line":1,"column":35}},"1":{"start":{"line":2,"column":15},"end":{"line":2,"column":34}},"2":{"start":{"line":7,"column":8},"end":{"line":7,"column":28}},"3":{"start":{"line":8,"column":8},"end":{"line":8,"column":24}},"4":{"start":{"line":9,"column":8},"end":{"line":9,"column":42}},"5":{"start":{"line":10,"column":8},"end":{"line":10,"column":50}},"6":{"start":{"line":11,"column":8},"end":{"line":11,"column":26}},"7":{"start":{"line":16,"column":25},"end":{"line":16,"column":97}},"8":{"start":{"line":17,"column":8},"end":{"line":19,"column":9}},"9":{"start":{"line":18,"column":12},"end":{"line":18,"column":57}},"10":{"start":{"line":19,"column":9},"end":{"line":19,"column":50}},"11":{"start":{"line":25,"column":25},"end":{"line":25,"column":100}},"12":{"start":{"line":26,"column":8},"end":{"line":28,"column":9}},"13":{"start":{"line":27,"column":12},"end":{"line":27,"column":78}},"14":{"start":{"line":29,"column":30},"end":{"line":29,"column":43}},"15":{"start":{"line":30,"column":8},"end":{"line":32,"column":9}},"16":{"start":{"line":31,"column":12},"end":{"line":31,"column":53}},"17":{"start":{"line":32,"column":10},"end":{"line":32,"column":58}},"18":{"start":{"line":38,"column":66},"end":{"line":38,"column":73}},"19":{"start":{"line":39,"column":25},"end":{"line":39,"column":198}},"20":{"start":{"line":40,"column":8},"end":{"line":42,"column":9}},"21":{"start":{"line":41,"column":12},"end":{"line":41,"column":56}},"22":{"start":{"line":43,"column":8},"end":{"line":43,"column":49}},"23":{"start":{"line":48,"column":25},"end":{"line":48,"column":132}},"24":{"start":{"line":49,"column":8},"end":{"line":51,"column":9}},"25":{"start":{"line":50,"column":12},"end":{"line":50,"column":74}},"26":{"start":{"line":51,"column":10},"end":{"line":51,"column":51}},"27":{"start":{"line":55,"column":25},"end":{"line":55,"column":100}},"28":{"start":{"line":64,"column":0},"end":{"line":64,"column":29}}},"fnMap":{"0":{"name":"(anonymous_0)","decl":{"start":{"line":6,"column":4},"end":{"line":6,"column":5}},"loc":{"start":{"line":6,"column":74},"end":{"line":12,"column":5}},"line":6},"1":{"name":"(anonymous_1)","decl":{"start":{"line":15,"column":4},"end":{"line":15,"column":5}},"loc":{"start":{"line":15,"column":35},"end":{"line":21,"column":5}},"line":15},"2":{"name":"(anonymous_2)","decl":{"start":{"line":24,"column":4},"end":{"line":24,"column":5}},"loc":{"start":{"line":24,"column":28},"end":{"line":33,"column":5}},"line":24},"3":{"name":"(anonymous_3)","decl":{"start":{"line":37,"column":4},"end":{"line":37,"column":5}},"loc":{"start":{"line":37,"column":35},"end":{"line":44,"column":5}},"line":37},"4":{"name":"(anonymous_4)","decl":{"start":{"line":47,"column":4},"end":{"line":47,"column":5}},"loc":{"start":{"line":47,"column":29},"end":{"line":52,"column":5}},"line":47},"5":{"name":"(anonymous_5)","decl":{"start":{"line":54,"column":4},"end":{"line":54,"column":5}},"loc":{"start":{"line":54,"column":30},"end":{"line":56,"column":5}},"line":54}},"branchMap":{"0":{"loc":{"start":{"line":17,"column":8},"end":{"line":19,"column":9}},"type":"if","locations":[{"start":{"line":17,"column":8},"end":{"line":19,"column":9}},{"start":{},"end":{}}],"line":17},"1":{"loc":{"start":{"line":26,"column":8},"end":{"line":28,"column":9}},"type":"if","locations":[{"start":{"line":26,"column":8},"end":{"line":28,"column":9}},{"start":{},"end":{}}],"line":26},"2":{"loc":{"start":{"line":30,"column":8},"end":{"line":32,"column":9}},"type":"if","locations":[{"start":{"line":30,"column":8},"end":{"line":32,"column":9}},{"start":{},"end":{}}],"line":30},"3":{"loc":{"start":{"line":40,"column":8},"end":{"line":42,"column":9}},"type":"if","locations":[{"start":{"line":40,"column":8},"end":{"line":42,"column":9}},{"start":{},"end":{}}],"line":40},"4":{"loc":{"start":{"line":49,"column":8},"end":{"line":51,"column":9}},"type":"if","locations":[{"start":{"line":49,"column":8},"end":{"line":51,"column":9}},{"start":{},"end":{}}],"line":49}},"s":{"0":2,"1":2,"2":7,"3":7,"4":7,"5":7,"6":7,"7":2,"8":2,"9":1,"10":1,"11":3,"12":3,"13":1,"14":2,"15":2,"16":1,"17":1,"18":2,"19":2,"20":2,"21":1,"22":1,"23":2,"24":2,"25":1,"26":1,"27":1,"28":2},"f":{"0":7,"1":2,"2":3,"3":2,"4":2,"5":1},"b":{"0":[1,1],"1":[1,2],"2":[1,1],"3":[1,1],"4":[1,1]},"_coverageSchema":"1a1c01bbd47fc00a2c39e90264f33305004495a9","hash":"b8a0ba2333097ef3a2309556b71242c50b4a4f88"}
,"/Users/reececallumkirkham/Desktop/LaFosse/Beyster/week-7/final-project/sir-final-project/Incident Reporting/server/models/Tickets.js": {"path":"/Users/reececallumkirkham/Desktop/LaFosse/Beyster/week-7/final-project/sir-final-project/Incident Reporting/server/models/Tickets.js","statementMap":{"0":{"start":{"line":1,"column":11},"end":{"line":1,"column":35}},"1":{"start":{"line":5,"column":8},"end":{"line":5,"column":35}},"2":{"start":{"line":6,"column":8},"end":{"line":6,"column":29}},"3":{"start":{"line":7,"column":8},"end":{"line":7,"column":25}},"4":{"start":{"line":8,"column":8},"end":{"line":8,"column":33}},"5":{"start":{"line":9,"column":8},"end":{"line":9,"column":33}},"6":{"start":{"line":10,"column":8},"end":{"line":10,"column":31}},"7":{"start":{"line":11,"column":8},"end":{"line":11,"column":41}},"8":{"start":{"line":12,"column":8},"end":{"line":12,"column":45}},"9":{"start":{"line":16,"column":25},"end":{"line":16,"column":65}},"10":{"start":{"line":17,"column":8},"end":{"line":19,"column":9}},"11":{"start":{"line":18,"column":12},"end":{"line":18,"column":48}},"12":{"start":{"line":20,"column":8},"end":{"line":20,"column":63}},"13":{"start":{"line":20,"column":43},"end":{"line":20,"column":61}},"14":{"start":{"line":24,"column":25},"end":{"line":24,"column":99}},"15":{"start":{"line":25,"column":8},"end":{"line":27,"column":9}},"16":{"start":{"line":26,"column":12},"end":{"line":26,"column":51}},"17":{"start":{"line":28,"column":8},"end":{"line":28,"column":44}},"18":{"start":{"line":32,"column":91},"end":{"line":32,"column":95}},"19":{"start":{"line":33,"column":29},"end":{"line":33,"column":106}},"20":{"start":{"line":34,"column":8},"end":{"line":36,"column":9}},"21":{"start":{"line":35,"column":12},"end":{"line":35,"column":62}},"22":{"start":{"line":37,"column":25},"end":{"line":40,"column":9}},"23":{"start":{"line":41,"column":8},"end":{"line":41,"column":44}},"24":{"start":{"line":45,"column":156},"end":{"line":45,"column":160}},"25":{"start":{"line":46,"column":27},"end":{"line":46,"column":31}},"26":{"start":{"line":48,"column":8},"end":{"line":51,"column":9}},"27":{"start":{"line":49,"column":12},"end":{"line":49,"column":54}},"28":{"start":{"line":50,"column":12},"end":{"line":50,"column":40}},"29":{"start":{"line":53,"column":8},"end":{"line":53,"column":97}},"30":{"start":{"line":54,"column":25},"end":{"line":57,"column":9}},"31":{"start":{"line":58,"column":8},"end":{"line":60,"column":9}},"32":{"start":{"line":59,"column":12},"end":{"line":59,"column":51}},"33":{"start":{"line":61,"column":8},"end":{"line":61,"column":44}},"34":{"start":{"line":65,"column":8},"end":{"line":69,"column":9}},"35":{"start":{"line":66,"column":12},"end":{"line":66,"column":90}},"36":{"start":{"line":68,"column":12},"end":{"line":68,"column":48}},"37":{"start":{"line":72,"column":0},"end":{"line":72,"column":23}}},"fnMap":{"0":{"name":"(anonymous_0)","decl":{"start":{"line":4,"column":4},"end":{"line":4,"column":5}},"loc":{"start":{"line":4,"column":104},"end":{"line":13,"column":5}},"line":4},"1":{"name":"(anonymous_1)","decl":{"start":{"line":15,"column":4},"end":{"line":15,"column":5}},"loc":{"start":{"line":15,"column":26},"end":{"line":21,"column":5}},"line":15},"2":{"name":"(anonymous_2)","decl":{"start":{"line":20,"column":33},"end":{"line":20,"column":34}},"loc":{"start":{"line":20,"column":43},"end":{"line":20,"column":61}},"line":20},"3":{"name":"(anonymous_3)","decl":{"start":{"line":23,"column":4},"end":{"line":23,"column":5}},"loc":{"start":{"line":23,"column":39},"end":{"line":29,"column":5}},"line":23},"4":{"name":"(anonymous_4)","decl":{"start":{"line":31,"column":4},"end":{"line":31,"column":5}},"loc":{"start":{"line":31,"column":30},"end":{"line":42,"column":5}},"line":31},"5":{"name":"(anonymous_5)","decl":{"start":{"line":44,"column":4},"end":{"line":44,"column":5}},"loc":{"start":{"line":44,"column":23},"end":{"line":62,"column":5}},"line":44},"6":{"name":"(anonymous_6)","decl":{"start":{"line":64,"column":4},"end":{"line":64,"column":5}},"loc":{"start":{"line":64,"column":20},"end":{"line":70,"column":5}},"line":64}},"branchMap":{"0":{"loc":{"start":{"line":17,"column":8},"end":{"line":19,"column":9}},"type":"if","locations":[{"start":{"line":17,"column":8},"end":{"line":19,"column":9}},{"start":{},"end":{}}],"line":17},"1":{"loc":{"start":{"line":25,"column":8},"end":{"line":27,"column":9}},"type":"if","locations":[{"start":{"line":25,"column":8},"end":{"line":27,"column":9}},{"start":{},"end":{}}],"line":25},"2":{"loc":{"start":{"line":34,"column":8},"end":{"line":36,"column":9}},"type":"if","locations":[{"start":{"line":34,"column":8},"end":{"line":36,"column":9}},{"start":{},"end":{}}],"line":34},"3":{"loc":{"start":{"line":45,"column":16},"end":{"line":45,"column":34}},"type":"default-arg","locations":[{"start":{"line":45,"column":23},"end":{"line":45,"column":34}}],"line":45},"4":{"loc":{"start":{"line":45,"column":36},"end":{"line":45,"column":50}},"type":"default-arg","locations":[{"start":{"line":45,"column":41},"end":{"line":45,"column":50}}],"line":45},"5":{"loc":{"start":{"line":45,"column":52},"end":{"line":45,"column":74}},"type":"default-arg","locations":[{"start":{"line":45,"column":61},"end":{"line":45,"column":74}}],"line":45},"6":{"loc":{"start":{"line":45,"column":76},"end":{"line":45,"column":98}},"type":"default-arg","locations":[{"start":{"line":45,"column":85},"end":{"line":45,"column":98}}],"line":45},"7":{"loc":{"start":{"line":45,"column":100},"end":{"line":45,"column":120}},"type":"default-arg","locations":[{"start":{"line":45,"column":108},"end":{"line":45,"column":120}}],"line":45},"8":{"loc":{"start":{"line":45,"column":122},"end":{"line":45,"column":152}},"type":"default-arg","locations":[{"start":{"line":45,"column":135},"end":{"line":45,"column":152}}],"line":45},"9":{"loc":{"start":{"line":48,"column":8},"end":{"line":51,"column":9}},"type":"if","locations":[{"start":{"line":48,"column":8},"end":{"line":51,"column":9}},{"start":{},"end":{}}],"line":48},"10":{"loc":{"start":{"line":58,"column":8},"end":{"line":60,"column":9}},"type":"if","locations":[{"start":{"line":58,"column":8},"end":{"line":60,"column":9}},{"start":{},"end":{}}],"line":58}},"s":{"0":2,"1":11,"2":11,"3":11,"4":11,"5":11,"6":11,"7":11,"8":11,"9":2,"10":2,"11":1,"12":1,"13":2,"14":2,"15":2,"16":1,"17":1,"18":2,"19":2,"20":2,"21":1,"22":1,"23":1,"24":3,"25":3,"26":3,"27":1,"28":1,"29":3,"30":3,"31":3,"32":1,"33":2,"34":2,"35":2,"36":1,"37":2},"f":{"0":11,"1":2,"2":2,"3":2,"4":2,"5":3,"6":2},"b":{"0":[1,1],"1":[1,1],"2":[1,1],"3":[1],"4":[1],"5":[3],"6":[3],"7":[3],"8":[3],"9":[1,2],"10":[1,2]},"_coverageSchema":"1a1c01bbd47fc00a2c39e90264f33305004495a9","hash":"63d5987182d19f770f729e97fa29110d1ba418de"}
,"/Users/reececallumkirkham/Desktop/LaFosse/Beyster/week-7/final-project/sir-final-project/Incident Reporting/server/models/User.js": {"path":"/Users/reececallumkirkham/Desktop/LaFosse/Beyster/week-7/final-project/sir-final-project/Incident Reporting/server/models/User.js","statementMap":{"0":{"start":{"line":1,"column":11},"end":{"line":1,"column":35}},"1":{"start":{"line":3,"column":15},"end":{"line":3,"column":34}},"2":{"start":{"line":7,"column":4},"end":{"line":7,"column":27}},"3":{"start":{"line":8,"column":4},"end":{"line":8,"column":21}},"4":{"start":{"line":9,"column":4},"end":{"line":9,"column":23}},"5":{"start":{"line":10,"column":4},"end":{"line":10,"column":25}},"6":{"start":{"line":11,"column":4},"end":{"line":11,"column":39}},"7":{"start":{"line":12,"column":4},"end":{"line":12,"column":39}},"8":{"start":{"line":16,"column":21},"end":{"line":16,"column":60}},"9":{"start":{"line":17,"column":4},"end":{"line":19,"column":5}},"10":{"start":{"line":18,"column":6},"end":{"line":18,"column":40}},"11":{"start":{"line":20,"column":4},"end":{"line":20,"column":31}},"12":{"start":{"line":21,"column":4},"end":{"line":21,"column":55}},"13":{"start":{"line":21,"column":39},"end":{"line":21,"column":53}},"14":{"start":{"line":25,"column":21},"end":{"line":28,"column":5}},"15":{"start":{"line":29,"column":4},"end":{"line":31,"column":5}},"16":{"start":{"line":30,"column":6},"end":{"line":30,"column":43}},"17":{"start":{"line":32,"column":4},"end":{"line":32,"column":38}},"18":{"start":{"line":36,"column":66},"end":{"line":36,"column":70}},"19":{"start":{"line":37,"column":25},"end":{"line":40,"column":5}},"20":{"start":{"line":41,"column":4},"end":{"line":49,"column":5}},"21":{"start":{"line":42,"column":21},"end":{"line":45,"column":7}},"22":{"start":{"line":46,"column":6},"end":{"line":46,"column":40}},"23":{"start":{"line":48,"column":6},"end":{"line":48,"column":58}},"24":{"start":{"line":54,"column":20},"end":{"line":59,"column":3}},"25":{"start":{"line":60,"column":23},"end":{"line":60,"column":54}},"26":{"start":{"line":61,"column":4},"end":{"line":61,"column":27}},"27":{"start":{"line":62,"column":18},"end":{"line":62,"column":60}},"28":{"start":{"line":64,"column":4},"end":{"line":64,"column":16}},"29":{"start":{"line":69,"column":19},"end":{"line":79,"column":5}},"30":{"start":{"line":80,"column":4},"end":{"line":80,"column":31}},"31":{"start":{"line":81,"column":4},"end":{"line":83,"column":5}},"32":{"start":{"line":82,"column":6},"end":{"line":82,"column":50}},"33":{"start":{"line":84,"column":4},"end":{"line":84,"column":38}},"34":{"start":{"line":89,"column":21},"end":{"line":89,"column":188}},"35":{"start":{"line":90,"column":4},"end":{"line":92,"column":5}},"36":{"start":{"line":91,"column":6},"end":{"line":91,"column":66}},"37":{"start":{"line":92,"column":6},"end":{"line":92,"column":39}},"38":{"start":{"line":97,"column":4},"end":{"line":105,"column":5}},"39":{"start":{"line":98,"column":21},"end":{"line":98,"column":29}},"40":{"start":{"line":99,"column":21},"end":{"line":99,"column":83}},"41":{"start":{"line":100,"column":8},"end":{"line":100,"column":74}},"42":{"start":{"line":101,"column":23},"end":{"line":101,"column":50}},"43":{"start":{"line":102,"column":8},"end":{"line":102,"column":37}},"44":{"start":{"line":104,"column":8},"end":{"line":104,"column":55}},"45":{"start":{"line":109,"column":0},"end":{"line":109,"column":22}}},"fnMap":{"0":{"name":"(anonymous_0)","decl":{"start":{"line":6,"column":2},"end":{"line":6,"column":3}},"loc":{"start":{"line":6,"column":78},"end":{"line":13,"column":3}},"line":6},"1":{"name":"(anonymous_1)","decl":{"start":{"line":15,"column":2},"end":{"line":15,"column":3}},"loc":{"start":{"line":15,"column":24},"end":{"line":22,"column":3}},"line":15},"2":{"name":"(anonymous_2)","decl":{"start":{"line":21,"column":29},"end":{"line":21,"column":30}},"loc":{"start":{"line":21,"column":39},"end":{"line":21,"column":53}},"line":21},"3":{"name":"(anonymous_3)","decl":{"start":{"line":24,"column":2},"end":{"line":24,"column":3}},"loc":{"start":{"line":24,"column":39},"end":{"line":33,"column":3}},"line":24},"4":{"name":"(anonymous_4)","decl":{"start":{"line":35,"column":2},"end":{"line":35,"column":3}},"loc":{"start":{"line":35,"column":28},"end":{"line":50,"column":3}},"line":35},"5":{"name":"(anonymous_5)","decl":{"start":{"line":52,"column":2},"end":{"line":52,"column":3}},"loc":{"start":{"line":52,"column":42},"end":{"line":66,"column":3}},"line":52},"6":{"name":"(anonymous_6)","decl":{"start":{"line":68,"column":2},"end":{"line":68,"column":3}},"loc":{"start":{"line":68,"column":21},"end":{"line":85,"column":3}},"line":68},"7":{"name":"(anonymous_7)","decl":{"start":{"line":88,"column":2},"end":{"line":88,"column":3}},"loc":{"start":{"line":88,"column":21},"end":{"line":93,"column":3}},"line":88},"8":{"name":"register","decl":{"start":{"line":96,"column":15},"end":{"line":96,"column":23}},"loc":{"start":{"line":96,"column":34},"end":{"line":106,"column":1}},"line":96}},"branchMap":{"0":{"loc":{"start":{"line":17,"column":4},"end":{"line":19,"column":5}},"type":"if","locations":[{"start":{"line":17,"column":4},"end":{"line":19,"column":5}},{"start":{},"end":{}}],"line":17},"1":{"loc":{"start":{"line":29,"column":4},"end":{"line":31,"column":5}},"type":"if","locations":[{"start":{"line":29,"column":4},"end":{"line":31,"column":5}},{"start":{},"end":{}}],"line":29},"2":{"loc":{"start":{"line":41,"column":4},"end":{"line":49,"column":5}},"type":"if","locations":[{"start":{"line":41,"column":4},"end":{"line":49,"column":5}},{"start":{"line":47,"column":11},"end":{"line":49,"column":5}}],"line":41},"3":{"loc":{"start":{"line":81,"column":4},"end":{"line":83,"column":5}},"type":"if","locations":[{"start":{"line":81,"column":4},"end":{"line":83,"column":5}},{"start":{},"end":{}}],"line":81},"4":{"loc":{"start":{"line":90,"column":4},"end":{"line":92,"column":5}},"type":"if","locations":[{"start":{"line":90,"column":4},"end":{"line":92,"column":5}},{"start":{},"end":{}}],"line":90}},"s":{"0":2,"1":2,"2":10,"3":10,"4":10,"5":10,"6":10,"7":10,"8":2,"9":2,"10":1,"11":1,"12":1,"13":2,"14":2,"15":2,"16":1,"17":1,"18":2,"19":2,"20":2,"21":1,"22":1,"23":1,"24":2,"25":2,"26":2,"27":2,"28":2,"29":2,"30":2,"31":2,"32":1,"33":1,"34":2,"35":2,"36":1,"37":1,"38":0,"39":0,"40":0,"41":0,"42":0,"43":0,"44":0,"45":2},"f":{"0":10,"1":2,"2":2,"3":2,"4":2,"5":2,"6":2,"7":2,"8":0},"b":{"0":[1,1],"1":[1,1],"2":[1,1],"3":[1,1],"4":[1,1]},"_coverageSchema":"1a1c01bbd47fc00a2c39e90264f33305004495a9","hash":"ed2b28a8e024530f6cc39e85229a9eddd66e01f4"}
}
