TN:
SF:Incident Reporting/server/controllers/comment.js
FN:3,index
FN:13,showId
FN:23,create
FN:33,update
FN:45,destroy
FNF:5
FNH:5
FNDA:2,index
FNDA:2,showId
FNDA:2,create
FNDA:2,update
FNDA:2,destroy
DA:1,1
DA:4,2
DA:5,2
DA:6,1
DA:8,1
DA:14,2
DA:15,2
DA:16,2
DA:17,1
DA:19,1
DA:24,2
DA:25,2
DA:26,2
DA:27,1
DA:29,1
DA:34,2
DA:35,2
DA:36,2
DA:37,2
DA:38,1
DA:39,1
DA:41,1
DA:46,2
DA:47,2
DA:48,2
DA:49,1
DA:50,1
DA:52,1
DA:56,1
LF:29
LH:29
BRF:0
BRH:0
end_of_record
TN:
SF:Incident Reporting/server/controllers/departments.js
FN:3,index
FN:14,show
FN:27,createDep
FN:39,updateDep
FN:50,destroyDep
FNF:5
FNH:5
FNDA:2,index
FNDA:2,show
FNDA:2,createDep
FNDA:2,updateDep
FNDA:2,destroyDep
DA:1,1
DA:4,2
DA:5,2
DA:6,2
DA:7,1
DA:9,1
DA:15,2
DA:16,2
DA:17,2
DA:18,1
DA:21,1
DA:28,2
DA:29,2
DA:30,2
DA:31,1
DA:34,1
DA:40,2
DA:41,2
DA:42,2
DA:43,1
DA:44,1
DA:46,1
DA:51,2
DA:52,2
DA:53,2
DA:54,1
DA:55,1
DA:57,1
DA:65,1
LF:29
LH:29
BRF:0
BRH:0
end_of_record
TN:
SF:Incident Reporting/server/controllers/organisations.js
FN:5,showOrg
FN:16,loginOrg
FN:26,createOrg
FN:39,updateOrg
FN:53,destroyOrg
FNF:5
FNH:4
FNDA:2,showOrg
FNDA:0,loginOrg
FNDA:2,createOrg
FNDA:2,updateOrg
FNDA:2,destroyOrg
DA:1,1
DA:2,1
DA:6,2
DA:7,2
DA:8,2
DA:9,1
DA:12,1
DA:17,0
DA:18,0
DA:19,0
DA:20,0
DA:22,0
DA:27,2
DA:28,2
DA:29,2
DA:30,2
DA:31,2
DA:32,1
DA:34,1
DA:40,2
DA:42,2
DA:43,2
DA:44,1
DA:45,1
DA:47,1
DA:54,2
DA:55,2
DA:56,2
DA:57,1
DA:58,1
DA:61,1
DA:67,1
LF:32
LH:27
BRF:0
BRH:0
end_of_record
TN:
SF:Incident Reporting/server/controllers/ticket.js
FN:3,index
FN:12,showId
FN:22,create
FN:32,update
FN:44,destroy
FNF:5
FNH:5
FNDA:2,index
FNDA:2,showId
FNDA:2,create
FNDA:2,update
FNDA:2,destroy
DA:1,1
DA:4,2
DA:5,2
DA:6,1
DA:8,1
DA:13,2
DA:14,2
DA:15,2
DA:16,1
DA:18,1
DA:23,2
DA:24,2
DA:25,2
DA:26,1
DA:28,1
DA:33,2
DA:34,2
DA:35,2
DA:36,2
DA:37,1
DA:38,1
DA:40,1
DA:45,2
DA:46,2
DA:47,2
DA:48,1
DA:49,1
DA:51,1
DA:55,1
LF:29
LH:29
BRF:0
BRH:0
end_of_record
TN:
SF:Incident Reporting/server/controllers/users.js
FN:5,index
FN:14,show
FN:25,create
FN:37,login
FN:60,update
FN:71,destroy
FNF:6
FNH:5
FNDA:2,index
FNDA:2,show
FNDA:2,create
FNDA:0,login
FNDA:2,update
FNDA:2,destroy
DA:1,1
DA:2,1
DA:6,2
DA:7,2
DA:8,1
DA:10,1
DA:15,2
DA:16,2
DA:17,2
DA:18,1
DA:21,1
DA:26,2
DA:27,2
DA:28,2
DA:29,2
DA:30,2
DA:31,1
DA:33,1
DA:38,0
DA:39,0
DA:40,0
DA:43,0
DA:46,0
DA:47,0
DA:49,0
DA:50,0
DA:53,0
DA:55,0
DA:61,2
DA:62,2
DA:63,2
DA:64,1
DA:65,1
DA:67,1
DA:72,2
DA:73,2
DA:74,2
DA:75,1
DA:76,1
DA:78,1
DA:82,1
LF:41
LH:31
BRDA:46,0,0,0
BRDA:46,0,1,0
BRDA:49,1,0,0
BRDA:49,1,1,0
BRF:4
BRH:0
end_of_record
TN:
SF:Incident Reporting/server/db/connect.js
FNF:0
FNH:0
DA:2,10
DA:4,10
DA:17,10
DA:19,10
LF:4
LH:4
BRF:0
BRH:0
end_of_record
TN:
SF:Incident Reporting/server/models/Comments.js
FN:4,(anonymous_0)
FN:11,(anonymous_1)
FN:16,(anonymous_2)
FN:19,(anonymous_3)
FN:27,(anonymous_4)
FN:44,(anonymous_5)
FN:54,(anonymous_6)
FNF:7
FNH:7
FNDA:9,(anonymous_0)
FNDA:2,(anonymous_1)
FNDA:2,(anonymous_2)
FNDA:2,(anonymous_3)
FNDA:3,(anonymous_4)
FNDA:2,(anonymous_5)
FNDA:2,(anonymous_6)
DA:1,2
DA:5,9
DA:6,9
DA:7,9
DA:8,9
DA:12,2
DA:13,2
DA:14,1
DA:16,2
DA:20,2
DA:21,2
DA:22,1
DA:24,1
DA:28,3
DA:30,3
DA:31,3
DA:32,1
DA:35,2
DA:36,2
DA:37,1
DA:40,1
DA:41,1
DA:45,2
DA:46,2
DA:47,2
DA:48,2
DA:49,1
DA:51,1
DA:55,2
DA:56,2
DA:58,1
DA:63,2
LF:32
LH:32
BRDA:13,0,0,1
BRDA:13,0,1,1
BRDA:21,1,0,1
BRDA:21,1,1,1
BRDA:31,2,0,1
BRDA:31,2,1,2
BRDA:36,3,0,1
BRDA:36,3,1,1
BRDA:45,4,0,2
BRDA:45,5,0,2
BRDA:45,6,0,0
BRDA:48,7,0,1
BRDA:48,7,1,1
BRF:13
BRH:12
end_of_record
TN:
SF:Incident Reporting/server/models/Department.js
FN:4,(anonymous_0)
FN:13,(anonymous_1)
FN:17,(anonymous_2)
FN:20,(anonymous_3)
FN:28,(anonymous_4)
FN:35,(anonymous_5)
FN:44,(anonymous_6)
FNF:7
FNH:7
FNDA:8,(anonymous_0)
FNDA:2,(anonymous_1)
FNDA:2,(anonymous_2)
FNDA:2,(anonymous_3)
FNDA:2,(anonymous_4)
FNDA:2,(anonymous_5)
FNDA:1,(anonymous_6)
DA:1,2
DA:5,8
DA:6,8
DA:7,8
DA:8,8
DA:14,2
DA:15,2
DA:16,1
DA:17,2
DA:21,2
DA:22,2
DA:23,1
DA:24,1
DA:29,2
DA:30,2
DA:31,1
DA:32,1
DA:36,2
DA:37,2
DA:38,2
DA:39,1
DA:40,1
DA:45,1
DA:49,2
LF:24
LH:24
BRDA:15,0,0,1
BRDA:15,0,1,1
BRDA:22,1,0,1
BRDA:22,1,1,1
BRDA:30,2,0,1
BRDA:30,2,1,1
BRDA:38,3,0,1
BRDA:38,3,1,1
BRF:8
BRH:8
end_of_record
TN:
SF:Incident Reporting/server/models/Organisation.js
FN:6,(anonymous_0)
FN:15,(anonymous_1)
FN:24,(anonymous_2)
FN:37,(anonymous_3)
FN:47,(anonymous_4)
FN:54,(anonymous_5)
FNF:6
FNH:6
FNDA:7,(anonymous_0)
FNDA:2,(anonymous_1)
FNDA:3,(anonymous_2)
FNDA:2,(anonymous_3)
FNDA:2,(anonymous_4)
FNDA:1,(anonymous_5)
DA:1,2
DA:2,2
DA:7,7
DA:8,7
DA:9,7
DA:10,7
DA:11,7
DA:16,2
DA:17,2
DA:18,1
DA:19,1
DA:25,3
DA:26,3
DA:27,1
DA:29,2
DA:30,2
DA:31,1
DA:32,1
DA:38,2
DA:39,2
DA:40,2
DA:41,1
DA:43,1
DA:48,2
DA:49,2
DA:50,1
DA:51,1
DA:55,1
DA:64,2
LF:29
LH:29
BRDA:17,0,0,1
BRDA:17,0,1,1
BRDA:26,1,0,1
BRDA:26,1,1,2
BRDA:30,2,0,1
BRDA:30,2,1,1
BRDA:40,3,0,1
BRDA:40,3,1,1
BRDA:49,4,0,1
BRDA:49,4,1,1
BRF:10
BRH:10
end_of_record
TN:
SF:Incident Reporting/server/models/Tickets.js
FN:4,(anonymous_0)
FN:15,(anonymous_1)
FN:20,(anonymous_2)
FN:23,(anonymous_3)
FN:31,(anonymous_4)
FN:44,(anonymous_5)
FN:64,(anonymous_6)
FNF:7
FNH:7
FNDA:11,(anonymous_0)
FNDA:2,(anonymous_1)
FNDA:2,(anonymous_2)
FNDA:2,(anonymous_3)
FNDA:2,(anonymous_4)
FNDA:3,(anonymous_5)
FNDA:2,(anonymous_6)
DA:1,2
DA:5,11
DA:6,11
DA:7,11
DA:8,11
DA:9,11
DA:10,11
DA:11,11
DA:12,11
DA:16,2
DA:17,2
DA:18,1
DA:20,2
DA:24,2
DA:25,2
DA:26,1
DA:28,1
DA:32,2
DA:33,2
DA:34,2
DA:35,1
DA:37,1
DA:41,1
DA:45,3
DA:46,3
DA:48,3
DA:49,1
DA:50,1
DA:53,3
DA:54,3
DA:58,3
DA:59,1
DA:61,2
DA:65,2
DA:66,2
DA:68,1
DA:72,2
LF:37
LH:37
BRDA:17,0,0,1
BRDA:17,0,1,1
BRDA:25,1,0,1
BRDA:25,1,1,1
BRDA:34,2,0,1
BRDA:34,2,1,1
BRDA:45,3,0,1
BRDA:45,4,0,1
BRDA:45,5,0,3
BRDA:45,6,0,3
BRDA:45,7,0,3
BRDA:45,8,0,3
BRDA:48,9,0,1
BRDA:48,9,1,2
BRDA:58,10,0,1
BRDA:58,10,1,2
BRF:16
BRH:16
end_of_record
TN:
SF:Incident Reporting/server/models/User.js
FN:6,(anonymous_0)
FN:15,(anonymous_1)
FN:21,(anonymous_2)
FN:24,(anonymous_3)
FN:35,(anonymous_4)
FN:52,(anonymous_5)
FN:68,(anonymous_6)
FN:88,(anonymous_7)
FN:96,register
FNF:9
FNH:8
FNDA:10,(anonymous_0)
FNDA:2,(anonymous_1)
FNDA:2,(anonymous_2)
FNDA:2,(anonymous_3)
FNDA:2,(anonymous_4)
FNDA:2,(anonymous_5)
FNDA:2,(anonymous_6)
FNDA:2,(anonymous_7)
FNDA:0,register
DA:1,2
DA:3,2
DA:7,10
DA:8,10
DA:9,10
DA:10,10
DA:11,10
DA:12,10
DA:16,2
DA:17,2
DA:18,1
DA:20,1
DA:21,2
DA:25,2
DA:29,2
DA:30,1
DA:32,1
DA:36,2
DA:37,2
DA:41,2
DA:42,1
DA:46,1
DA:48,1
DA:54,2
DA:60,2
DA:61,2
DA:62,2
DA:64,2
DA:69,2
DA:80,2
DA:81,2
DA:82,1
DA:84,1
DA:89,2
DA:90,2
DA:91,1
DA:92,1
DA:97,0
DA:98,0
DA:99,0
DA:100,0
DA:101,0
DA:102,0
DA:104,0
DA:109,2
LF:45
LH:38
BRDA:17,0,0,1
BRDA:17,0,1,1
BRDA:29,1,0,1
BRDA:29,1,1,1
BRDA:41,2,0,1
BRDA:41,2,1,1
BRDA:81,3,0,1
BRDA:81,3,1,1
BRDA:90,4,0,1
BRDA:90,4,1,1
BRF:10
BRH:10
end_of_record
